<?xml version="1.0" encoding="UTF-8"?>
<!-- Generated by org.testng.reporters.JUnitReportReporter -->
<testsuite hostname="LAPTOP-MGGTTOUG" failures="0" tests="2" name="headlessmaven.Openfacebook" time="18.341" errors="0" timestamp="2023-11-02T19:49:22 IST" skipped="0">
  <testcase classname="headlessmaven.Openfacebook" name="VerifyFacebook" time="6.347"/>
  <system-out/>
  <testcase classname="headlessmaven.Openfacebook" name="SearchOpration" time="11.994"/>
  <system-out/>
</testsuite> <!-- headlessmaven.Openfacebook -->
