<?xml version="1.0" encoding="UTF-8"?>
<!-- Generated by org.testng.reporters.JUnitReportReporter -->
<testsuite hostname="LAPTOP-MGGTTOUG" failures="0" tests="1" name="headlessmaven.Test_title" time="7.849" errors="0" timestamp="2023-10-20T11:44:05 IST" skipped="0">
  <testcase classname="headlessmaven.Test_title" name="test" time="7.849"/>
</testsuite> <!-- headlessmaven.Test_title -->
