<?xml version="1.0" encoding="UTF-8"?>
<!-- Generated by org.testng.reporters.JUnitReportReporter -->
<testsuite hostname="LAPTOP-MGGTTOUG" failures="0" tests="1" name="headlessmaven.Test_title" time="5.367" errors="0" timestamp="2023-10-18T12:03:26 IST" skipped="0">
  <testcase classname="headlessmaven.Test_title" name="test" time="5.367"/>
</testsuite> <!-- headlessmaven.Test_title -->
