<?xml version="1.0" encoding="UTF-8"?>
<!-- Generated by org.testng.reporters.JUnitReportReporter -->
<testsuite hostname="LAPTOP-MGGTTOUG" failures="0" tests="1" name="headlessmaven.Firefox_Test" time="13.284" errors="0" timestamp="2023-11-02T19:49:22 IST" skipped="0">
  <testcase classname="headlessmaven.Firefox_Test" name="Browser" time="13.284"/>
  <system-out/>
</testsuite> <!-- headlessmaven.Firefox_Test -->
