<?xml version="1.0" encoding="UTF-8"?>
<!-- Generated by org.testng.reporters.JUnitReportReporter -->
<testsuite hostname="LAPTOP-MGGTTOUG" failures="0" tests="1" name="headlessmaven.Firefox_Test" time="5.458" errors="0" timestamp="2023-10-20T12:27:16 IST" skipped="0">
  <testcase classname="headlessmaven.Firefox_Test" name="Browser" time="5.458"/>
</testsuite> <!-- headlessmaven.Firefox_Test -->
