<?xml version="1.0" encoding="UTF-8"?>
<!-- Generated by org.testng.reporters.JUnitReportReporter -->
<testsuite hostname="LAPTOP-MGGTTOUG" failures="0" tests="1" name="headlessmaven.Test_title" time="4.645" errors="0" timestamp="2023-11-02T19:49:22 IST" skipped="0">
  <testcase classname="headlessmaven.Test_title" name="test" time="4.645"/>
  <system-out/>
</testsuite> <!-- headlessmaven.Test_title -->
